{"level":"ERROR","time":"2024-12-01T08:58:31.578+0800","caller":"controller/index_data.go:31","msg":"ctrl.service.Update() failed","error":"cch.rdb.Del(key).Result() failed,err:%!w(<nil>)"}
{"level":"ERROR","time":"2024-12-01T09:04:33.628+0800","caller":"controller/essay_kind.go:42","msg":"c.ShouldBindJSON(data) failed,err:","error":"Key: 'EssayKindUpdateParam.Introduction' Error:Field validation for 'Introduction' failed on the 'required' tag"}
{"level":"ERROR","time":"2024-12-01T09:26:09.633+0800","caller":"controller/heart_words.go:25","msg":"c.ShouldBindJSON(data) failed","error":"Key: 'HeartWordsParam.IfCouldType' Error:Field validation for 'IfCouldType' failed on the 'required' tag"}
{"level":"ERROR","time":"2024-12-01T09:28:52.371+0800","caller":"controller/heart_words.go:65","msg":"c.ShouldBindJSON(data) failed","error":"Key: 'HeartWordsUpdateParam.HeartWordsParam.IfCouldType' Error:Field validation for 'IfCouldType' failed on the 'required' tag"}
{"level":"ERROR","time":"2024-12-01T09:31:48.492+0800","caller":"controller/heart_words.go:25","msg":"c.ShouldBindJSON(data) failed","error":"Key: 'HeartWordsParam.IfCouldType' Error:Field validation for 'IfCouldType' failed on the 'required' tag"}
{"level":"ERROR","time":"2024-12-01T09:34:06.315+0800","caller":"controller/heart_words.go:25","msg":"c.ShouldBindJSON(data) failed","error":"Key: 'HeartWordsParam.IfCouldType' Error:Field validation for 'IfCouldType' failed on the 'required' tag"}
{"level":"ERROR","time":"2024-12-01T09:34:28.792+0800","caller":"controller/heart_words.go:25","msg":"c.ShouldBindJSON(data) failed","error":"Key: 'HeartWordsParam.IfCouldType' Error:Field validation for 'IfCouldType' failed on the 'required' tag"}
{"level":"ERROR","time":"2024-12-01T09:34:55.792+0800","caller":"controller/heart_words.go:25","msg":"c.ShouldBindJSON(data) failed","error":"Key: 'HeartWordsParam.IfCouldType' Error:Field validation for 'IfCouldType' failed on the 'required' tag"}
{"level":"ERROR","time":"2024-12-01T09:34:57.082+0800","caller":"controller/heart_words.go:25","msg":"c.ShouldBindJSON(data) failed","error":"Key: 'HeartWordsParam.IfCouldType' Error:Field validation for 'IfCouldType' failed on the 'required' tag"}
{"level":"ERROR","time":"2024-12-01T09:35:26.267+0800","caller":"controller/heart_words.go:25","msg":"c.ShouldBindJSON(data) failed","error":"Key: 'HeartWordsParam.IfCouldType' Error:Field validation for 'IfCouldType' failed on the 'required' tag"}
{"level":"ERROR","time":"2024-12-01T09:36:34.883+0800","caller":"controller/heart_words.go:25","msg":"c.ShouldBindJSON(data) failed","error":"Key: 'HeartWordsParam.IfCouldType' Error:Field validation for 'IfCouldType' failed on the 'required' tag"}
{"level":"ERROR","time":"2024-12-01T09:36:52.392+0800","caller":"controller/heart_words.go:25","msg":"c.ShouldBindJSON(data) failed","error":"Key: 'HeartWordsParam.IfCouldType' Error:Field validation for 'IfCouldType' failed on the 'required' tag"}
{"level":"ERROR","time":"2024-12-01T09:37:59.454+0800","caller":"controller/heart_words.go:25","msg":"c.ShouldBindJSON(data) failed","error":"Key: 'HeartWordsParam.IfCouldType' Error:Field validation for 'IfCouldType' failed on the 'required' tag"}
{"level":"ERROR","time":"2024-12-01T09:38:18.514+0800","caller":"controller/heart_words.go:25","msg":"c.ShouldBindJSON(data) failed","error":"Key: 'HeartWordsParam.IfCouldType' Error:Field validation for 'IfCouldType' failed on the 'required' tag"}
{"level":"ERROR","time":"2024-12-01T09:38:37.432+0800","caller":"controller/heart_words.go:25","msg":"c.ShouldBindJSON(data) failed","error":"Key: 'HeartWordsParam.IfCouldType' Error:Field validation for 'IfCouldType' failed on the 'required' tag"}
{"level":"ERROR","time":"2024-12-01T09:40:19.959+0800","caller":"controller/heart_words.go:25","msg":"c.ShouldBindJSON(data) failed","error":"Key: 'HeartWordsParam.IfCouldType' Error:Field validation for 'IfCouldType' failed on the 'required' tag"}
{"level":"ERROR","time":"2024-12-01T09:40:38.567+0800","caller":"controller/heart_words.go:25","msg":"c.ShouldBindJSON(data) failed","error":"Key: 'HeartWordsParam.IfCouldType' Error:Field validation for 'IfCouldType' failed on the 'required' tag"}
{"level":"ERROR","time":"2024-12-01T09:44:06.964+0800","caller":"controller/heart_words.go:28","msg":"c.ShouldBindJSON(data) failed","error":"Key: 'HeartWordsParam.IfCouldType' Error:Field validation for 'IfCouldType' failed on the 'required' tag"}
{"level":"ERROR","time":"2024-12-01T09:44:51.629+0800","caller":"controller/heart_words.go:28","msg":"c.ShouldBindJSON(data) failed","error":"Key: 'HeartWordsParam.IfCouldType' Error:Field validation for 'IfCouldType' failed on the 'required' tag"}
{"level":"ERROR","time":"2024-12-01T09:45:17.951+0800","caller":"controller/heart_words.go:28","msg":"c.ShouldBindJSON(data) failed","error":"Key: 'HeartWordsParam.IfCouldType' Error:Field validation for 'IfCouldType' failed on the 'required' tag"}
{"level":"ERROR","time":"2024-12-01T09:48:00.307+0800","caller":"controller/heart_words.go:25","msg":"c.ShouldBindJSON(data) failed","error":"Key: 'HeartWordsParam.IfCouldType' Error:Field validation for 'IfCouldType' failed on the 'required' tag"}
{"level":"ERROR","time":"2024-12-01T09:50:06.962+0800","caller":"controller/heart_words.go:25","msg":"c.ShouldBindJSON(data) failed","error":"Key: 'HeartWordsParam.IfCouldType' Error:Field validation for 'IfCouldType' failed on the 'required' tag"}
{"level":"ERROR","time":"2024-12-01T09:51:25.377+0800","caller":"controller/heart_words.go:25","msg":"c.ShouldBindJSON(data) failed","error":"Key: 'HeartWordsParam.IfCouldType' Error:Field validation for 'IfCouldType' failed on the 'required' tag"}
{"level":"ERROR","time":"2024-12-01T09:52:27.454+0800","caller":"controller/essay.go:25","msg":"c.ShouldBindJSON(data) failed","error":"Key: 'EssayParams.Introduction' Error:Field validation for 'Introduction' failed on the 'required' tag"}
